<?xml version="1.0" encoding="UTF-8"?>
<!-- Generated by org.testng.reporters.JUnitXMLReporter -->
<testsuite ignored="0" hostname="LAPTOP-MCUCVA6H" failures="0" tests="3" name="Default test" time="0.044" errors="0" timestamp="2023-07-30T18:39:05 IST">
  <testcase classname="TestngDemoTest.SecondTest" name="TestCase1" time="0.004"/>
  <testcase classname="TestngDemoTest.SecondTest" name="TestCase2" time="0.001"/>
  <testcase classname="TestngDemoTest.SecondTest" name="TestCase3" time="0.001"/>
</testsuite> <!-- Default test -->
