<?xml version="1.0" encoding="UTF-8"?>
<testng-results ignored="0" total="3" passed="3" failed="0" skipped="0">
  <reporter-output>
  </reporter-output>
  <suite started-at="2023-07-30T18:39:05 IST" name="Default suite" finished-at="2023-07-30T18:39:05 IST" duration-ms="44">
    <groups>
    </groups>
    <test started-at="2023-07-30T18:39:05 IST" name="Default test" finished-at="2023-07-30T18:39:05 IST" duration-ms="44">
      <class name="TestngDemoTest.SecondTest">
        <test-method is-config="true" signature="beforeSuite()[pri:0, instance:TestngDemoTest.SecondTest@644baf4a]" started-at="2023-07-30T18:39:05 IST" name="beforeSuite" finished-at="2023-07-30T18:39:05 IST" duration-ms="11" status="PASS">
          <reporter-output>
          </reporter-output>
        </test-method> <!-- beforeSuite -->
        <test-method is-config="true" signature="beforeTest()[pri:0, instance:TestngDemoTest.SecondTest@644baf4a]" started-at="2023-07-30T18:39:05 IST" name="beforeTest" finished-at="2023-07-30T18:39:05 IST" duration-ms="0" status="PASS">
          <reporter-output>
          </reporter-output>
        </test-method> <!-- beforeTest -->
        <test-method is-config="true" signature="beforeClass()[pri:0, instance:TestngDemoTest.SecondTest@644baf4a]" started-at="2023-07-30T18:39:05 IST" name="beforeClass" finished-at="2023-07-30T18:39:05 IST" duration-ms="0" status="PASS">
          <reporter-output>
          </reporter-output>
        </test-method> <!-- beforeClass -->
        <test-method is-config="true" signature="beforeMethod()[pri:0, instance:TestngDemoTest.SecondTest@644baf4a]" started-at="2023-07-30T18:39:05 IST" name="beforeMethod" finished-at="2023-07-30T18:39:05 IST" duration-ms="1" status="PASS">
          <reporter-output>
          </reporter-output>
        </test-method> <!-- beforeMethod -->
        <test-method signature="TestCase1()[pri:0, instance:TestngDemoTest.SecondTest@644baf4a]" started-at="2023-07-30T18:39:05 IST" name="TestCase1" finished-at="2023-07-30T18:39:05 IST" duration-ms="4" status="PASS">
          <reporter-output>
          </reporter-output>
        </test-method> <!-- TestCase1 -->
        <test-method is-config="true" signature="aftermethod()[pri:0, instance:TestngDemoTest.SecondTest@644baf4a]" started-at="2023-07-30T18:39:05 IST" name="aftermethod" finished-at="2023-07-30T18:39:05 IST" duration-ms="0" status="PASS">
          <reporter-output>
          </reporter-output>
        </test-method> <!-- aftermethod -->
        <test-method signature="TestCase2()[pri:0, instance:TestngDemoTest.SecondTest@644baf4a]" started-at="2023-07-30T18:39:05 IST" name="TestCase2" finished-at="2023-07-30T18:39:05 IST" duration-ms="1" status="PASS">
          <reporter-output>
          </reporter-output>
        </test-method> <!-- TestCase2 -->
        <test-method is-config="true" signature="beforeMethod()[pri:0, instance:TestngDemoTest.SecondTest@644baf4a]" started-at="2023-07-30T18:39:05 IST" name="beforeMethod" finished-at="2023-07-30T18:39:05 IST" duration-ms="0" status="PASS">
          <reporter-output>
          </reporter-output>
        </test-method> <!-- beforeMethod -->
        <test-method is-config="true" signature="aftermethod()[pri:0, instance:TestngDemoTest.SecondTest@644baf4a]" started-at="2023-07-30T18:39:05 IST" name="aftermethod" finished-at="2023-07-30T18:39:05 IST" duration-ms="1" status="PASS">
          <reporter-output>
          </reporter-output>
        </test-method> <!-- aftermethod -->
        <test-method is-config="true" signature="beforeMethod()[pri:0, instance:TestngDemoTest.SecondTest@644baf4a]" started-at="2023-07-30T18:39:05 IST" name="beforeMethod" finished-at="2023-07-30T18:39:05 IST" duration-ms="0" status="PASS">
          <reporter-output>
          </reporter-output>
        </test-method> <!-- beforeMethod -->
        <test-method signature="TestCase3()[pri:0, instance:TestngDemoTest.SecondTest@644baf4a]" started-at="2023-07-30T18:39:05 IST" name="TestCase3" finished-at="2023-07-30T18:39:05 IST" duration-ms="1" status="PASS">
          <reporter-output>
          </reporter-output>
        </test-method> <!-- TestCase3 -->
        <test-method is-config="true" signature="aftermethod()[pri:0, instance:TestngDemoTest.SecondTest@644baf4a]" started-at="2023-07-30T18:39:05 IST" name="aftermethod" finished-at="2023-07-30T18:39:05 IST" duration-ms="0" status="PASS">
          <reporter-output>
          </reporter-output>
        </test-method> <!-- aftermethod -->
        <test-method is-config="true" signature="afterClass()[pri:0, instance:TestngDemoTest.SecondTest@644baf4a]" started-at="2023-07-30T18:39:05 IST" name="afterClass" finished-at="2023-07-30T18:39:05 IST" duration-ms="0" status="PASS">
          <reporter-output>
          </reporter-output>
        </test-method> <!-- afterClass -->
        <test-method is-config="true" signature="afterTest()[pri:0, instance:TestngDemoTest.SecondTest@644baf4a]" started-at="2023-07-30T18:39:05 IST" name="afterTest" finished-at="2023-07-30T18:39:05 IST" duration-ms="0" status="PASS">
          <reporter-output>
          </reporter-output>
        </test-method> <!-- afterTest -->
        <test-method is-config="true" signature="afterSuite()[pri:0, instance:TestngDemoTest.SecondTest@644baf4a]" started-at="2023-07-30T18:39:05 IST" name="afterSuite" finished-at="2023-07-30T18:39:05 IST" duration-ms="0" status="PASS">
          <reporter-output>
          </reporter-output>
        </test-method> <!-- afterSuite -->
      </class> <!-- TestngDemoTest.SecondTest -->
    </test> <!-- Default test -->
  </suite> <!-- Default suite -->
</testng-results>
